  Application.cpp
D:\GitRepository\Erosion2D\Erosion\Erosion\World.h(28,11): warning C4305: инициализация: усечение из "double" в "float"
D:\GitRepository\Erosion2D\Erosion\Erosion\World.h(30,17): warning C4305: инициализация: усечение из "double" в "float"
D:\GitRepository\Erosion2D\Erosion\Erosion\World.h(31,23): warning C4305: инициализация: усечение из "double" в "float"
D:\GitRepository\Erosion2D\Erosion\Erosion\World.h(32,15): warning C4305: инициализация: усечение из "double" в "float"
D:\GitRepository\Erosion2D\Erosion\Erosion\World.h(33,17): warning C4305: инициализация: усечение из "double" в "float"
D:\GitRepository\Erosion2D\Erosion\Erosion\Application.cpp(19,24): warning C4305: аргумент: усечение из "__int64" в "int"
D:\GitRepository\Erosion2D\Erosion\Erosion\Application.cpp(19,13): warning C4309: аргумент: усечение константного значения
D:\GitRepository\Erosion2D\Erosion\Erosion\Application.cpp(23,57): warning C4244: аргумент: преобразование "T" в "unsigned int", возможна потеря данных
          with
          [
              T=float
          ]
D:\GitRepository\Erosion2D\Erosion\Erosion\Application.cpp(23,48): warning C4244: аргумент: преобразование "T" в "unsigned int", возможна потеря данных
          with
          [
              T=float
          ]
D:\GitRepository\Erosion2D\Erosion\Erosion\Application.cpp(26,32): warning C4244: аргумент: преобразование "T" в "unsigned int", возможна потеря данных
          with
          [
              T=float
          ]
D:\GitRepository\Erosion2D\Erosion\Erosion\Application.cpp(26,23): warning C4244: аргумент: преобразование "T" в "unsigned int", возможна потеря данных
          with
          [
              T=float
          ]
  Создание кода
  1 of 147 functions ( 0.7%) were compiled, the rest were copied from previous compilation.
    0 functions were new in current compilation
    1 functions had inline decision re-evaluated but remain unchanged
  Создание кода завершено
  Erosion.vcxproj -> D:\GitRepository\Erosion2D\Erosion\x64\Release\Erosion.exe
